
> utgraph-server@0.0.0 start /home/mojtaba/UT-Graph-Server
> PORT=8080 node ./bin/www

connected
IncomingMessage {
  _readableState:
   ReadableState {
     objectMode: false,
     highWaterMark: 16384,
     buffer: BufferList { length: 0 },
     length: 0,
     pipes: null,
     pipesCount: 0,
     flowing: null,
     ended: false,
     endEmitted: false,
     reading: false,
     sync: true,
     needReadable: false,
     emittedReadable: false,
     readableListening: false,
     resumeScheduled: false,
     emitClose: true,
     destroyed: false,
     defaultEncoding: 'utf8',
     awaitDrain: 0,
     readingMore: true,
     decoder: null,
     encoding: null },
  readable: true,
  _events: {},
  _eventsCount: 0,
  _maxListeners: undefined,
  socket:
   Socket {
     connecting: false,
     _hadError: false,
     _handle:
      TCP {
        reading: true,
        owner: [Circular],
        onread: [Function: onread],
        onconnection: null,
        _consumed: true },
     _parent: null,
     _host: null,
     _readableState:
      ReadableState {
        objectMode: false,
        highWaterMark: 16384,
        buffer: BufferList { length: 0 },
        length: 0,
        pipes: null,
        pipesCount: 0,
        flowing: true,
        ended: false,
        endEmitted: false,
        reading: true,
        sync: false,
        needReadable: true,
        emittedReadable: false,
        readableListening: false,
        resumeScheduled: false,
        emitClose: false,
        destroyed: false,
        defaultEncoding: 'utf8',
        awaitDrain: 0,
        readingMore: false,
        decoder: null,
        encoding: null },
     readable: true,
     _events:
      { end: [Array],
        drain: [Array],
        timeout: [Function: socketOnTimeout],
        data: [Function: bound socketOnData],
        error: [Array],
        close: [Array],
        resume: [Function: onSocketResume],
        pause: [Function: onSocketPause] },
     _eventsCount: 8,
     _maxListeners: undefined,
     _writableState:
      WritableState {
        objectMode: false,
        highWaterMark: 16384,
        finalCalled: false,
        needDrain: false,
        ending: false,
        ended: false,
        finished: false,
        destroyed: false,
        decodeStrings: false,
        defaultEncoding: 'utf8',
        length: 0,
        writing: false,
        corked: 0,
        sync: true,
        bufferProcessing: false,
        onwrite: [Function: bound onwrite],
        writecb: null,
        writelen: 0,
        bufferedRequest: null,
        lastBufferedRequest: null,
        pendingcb: 0,
        prefinished: false,
        errorEmitted: false,
        emitClose: false,
        bufferedRequestCount: 0,
        corkedRequestsFree: [Object] },
     writable: true,
     allowHalfOpen: true,
     _sockname: null,
     _pendingData: null,
     _pendingEncoding: '',
     server:
      Server {
        _events: [Object],
        _eventsCount: 4,
        _maxListeners: undefined,
        _connections: 1,
        _handle: [TCP],
        _usingWorkers: false,
        _workers: [],
        _unref: false,
        allowHalfOpen: true,
        pauseOnConnect: false,
        httpAllowHalfOpen: false,
        timeout: 120000,
        keepAliveTimeout: 5000,
        _pendingResponseData: 0,
        maxHeadersCount: null,
        _connectionKey: '6::::8080',
        [Symbol(IncomingMessage)]: [Function],
        [Symbol(ServerResponse)]: [Function],
        [Symbol(asyncId)]: 14 },
     _server:
      Server {
        _events: [Object],
        _eventsCount: 4,
        _maxListeners: undefined,
        _connections: 1,
        _handle: [TCP],
        _usingWorkers: false,
        _workers: [],
        _unref: false,
        allowHalfOpen: true,
        pauseOnConnect: false,
        httpAllowHalfOpen: false,
        timeout: 120000,
        keepAliveTimeout: 5000,
        _pendingResponseData: 0,
        maxHeadersCount: null,
        _connectionKey: '6::::8080',
        [Symbol(IncomingMessage)]: [Function],
        [Symbol(ServerResponse)]: [Function],
        [Symbol(asyncId)]: 14 },
     parser:
      HTTPParser {
        '0': [Function: parserOnHeaders],
        '1': [Function: parserOnHeadersComplete],
        '2': [Function: parserOnBody],
        '3': [Function: parserOnMessageComplete],
        '4': [Function: bound onParserExecute],
        _headers: [],
        _url: '',
        _consumed: true,
        socket: [Circular],
        incoming: [Circular],
        outgoing: null,
        maxHeaderPairs: 2000,
        onIncoming: [Function: bound parserOnIncoming] },
     on: [Function: socketOnWrap],
     _paused: false,
     _httpMessage:
      ServerResponse {
        _events: [Object],
        _eventsCount: 2,
        _maxListeners: undefined,
        output: [],
        outputEncodings: [],
        outputCallbacks: [],
        outputSize: 0,
        writable: true,
        _last: false,
        chunkedEncoding: false,
        shouldKeepAlive: false,
        useChunkedEncodingByDefault: true,
        sendDate: true,
        _removedConnection: false,
        _removedContLen: false,
        _removedTE: false,
        _contentLength: null,
        _hasBody: true,
        _trailer: '',
        finished: false,
        _headerSent: false,
        socket: [Circular],
        connection: [Circular],
        _header: null,
        _onPendingData: [Function: bound updateOutgoingData],
        _sent100: false,
        _expect_continue: false,
        req: [Circular],
        locals: {},
        _startAt: undefined,
        _startTime: undefined,
        writeHead: [Function: writeHead],
        __onFinished: [Function],
        [Symbol(isCorked)]: false,
        [Symbol(outHeadersKey)]: [Object] },
     _peername: { address: '::ffff:127.0.0.1', family: 'IPv6', port: 45323 },
     [Symbol(asyncId)]: 79,
     [Symbol(lastWriteQueueSize)]: 0,
     [Symbol(timeout)]:
      Timeout {
        _called: false,
        _idleTimeout: 120000,
        _idlePrev: [TimersList],
        _idleNext: [TimersList],
        _idleStart: 6108,
        _onTimeout: [Function: bound ],
        _timerArgs: undefined,
        _repeat: null,
        _destroyed: false,
        [Symbol(unrefed)]: true,
        [Symbol(asyncId)]: 80,
        [Symbol(triggerId)]: 79 },
     [Symbol(kBytesRead)]: 0,
     [Symbol(kBytesWritten)]: 0 },
  connection:
   Socket {
     connecting: false,
     _hadError: false,
     _handle:
      TCP {
        reading: true,
        owner: [Circular],
        onread: [Function: onread],
        onconnection: null,
        _consumed: true },
     _parent: null,
     _host: null,
     _readableState:
      ReadableState {
        objectMode: false,
        highWaterMark: 16384,
        buffer: BufferList { length: 0 },
        length: 0,
        pipes: null,
        pipesCount: 0,
        flowing: true,
        ended: false,
        endEmitted: false,
        reading: true,
        sync: false,
        needReadable: true,
        emittedReadable: false,
        readableListening: false,
        resumeScheduled: false,
        emitClose: false,
        destroyed: false,
        defaultEncoding: 'utf8',
        awaitDrain: 0,
        readingMore: false,
        decoder: null,
        encoding: null },
     readable: true,
     _events:
      { end: [Array],
        drain: [Array],
        timeout: [Function: socketOnTimeout],
        data: [Function: bound socketOnData],
        error: [Array],
        close: [Array],
        resume: [Function: onSocketResume],
        pause: [Function: onSocketPause] },
     _eventsCount: 8,
     _maxListeners: undefined,
     _writableState:
      WritableState {
        objectMode: false,
        highWaterMark: 16384,
        finalCalled: false,
        needDrain: false,
        ending: false,
        ended: false,
        finished: false,
        destroyed: false,
        decodeStrings: false,
        defaultEncoding: 'utf8',
        length: 0,
        writing: false,
        corked: 0,
        sync: true,
        bufferProcessing: false,
        onwrite: [Function: bound onwrite],
        writecb: null,
        writelen: 0,
        bufferedRequest: null,
        lastBufferedRequest: null,
        pendingcb: 0,
        prefinished: false,
        errorEmitted: false,
        emitClose: false,
        bufferedRequestCount: 0,
        corkedRequestsFree: [Object] },
     writable: true,
     allowHalfOpen: true,
     _sockname: null,
     _pendingData: null,
     _pendingEncoding: '',
     server:
      Server {
        _events: [Object],
        _eventsCount: 4,
        _maxListeners: undefined,
        _connections: 1,
        _handle: [TCP],
        _usingWorkers: false,
        _workers: [],
        _unref: false,
        allowHalfOpen: true,
        pauseOnConnect: false,
        httpAllowHalfOpen: false,
        timeout: 120000,
        keepAliveTimeout: 5000,
        _pendingResponseData: 0,
        maxHeadersCount: null,
        _connectionKey: '6::::8080',
        [Symbol(IncomingMessage)]: [Function],
        [Symbol(ServerResponse)]: [Function],
        [Symbol(asyncId)]: 14 },
     _server:
      Server {
        _events: [Object],
        _eventsCount: 4,
        _maxListeners: undefined,
        _connections: 1,
        _handle: [TCP],
        _usingWorkers: false,
        _workers: [],
        _unref: false,
        allowHalfOpen: true,
        pauseOnConnect: false,
        httpAllowHalfOpen: false,
        timeout: 120000,
        keepAliveTimeout: 5000,
        _pendingResponseData: 0,
        maxHeadersCount: null,
        _connectionKey: '6::::8080',
        [Symbol(IncomingMessage)]: [Function],
        [Symbol(ServerResponse)]: [Function],
        [Symbol(asyncId)]: 14 },
     parser:
      HTTPParser {
        '0': [Function: parserOnHeaders],
        '1': [Function: parserOnHeadersComplete],
        '2': [Function: parserOnBody],
        '3': [Function: parserOnMessageComplete],
        '4': [Function: bound onParserExecute],
        _headers: [],
        _url: '',
        _consumed: true,
        socket: [Circular],
        incoming: [Circular],
        outgoing: null,
        maxHeaderPairs: 2000,
        onIncoming: [Function: bound parserOnIncoming] },
     on: [Function: socketOnWrap],
     _paused: false,
     _httpMessage:
      ServerResponse {
        _events: [Object],
        _eventsCount: 2,
        _maxListeners: undefined,
        output: [],
        outputEncodings: [],
        outputCallbacks: [],
        outputSize: 0,
        writable: true,
        _last: false,
        chunkedEncoding: false,
        shouldKeepAlive: false,
        useChunkedEncodingByDefault: true,
        sendDate: true,
        _removedConnection: false,
        _removedContLen: false,
        _removedTE: false,
        _contentLength: null,
        _hasBody: true,
        _trailer: '',
        finished: false,
        _headerSent: false,
        socket: [Circular],
        connection: [Circular],
        _header: null,
        _onPendingData: [Function: bound updateOutgoingData],
        _sent100: false,
        _expect_continue: false,
        req: [Circular],
        locals: {},
        _startAt: undefined,
        _startTime: undefined,
        writeHead: [Function: writeHead],
        __onFinished: [Function],
        [Symbol(isCorked)]: false,
        [Symbol(outHeadersKey)]: [Object] },
     _peername: { address: '::ffff:127.0.0.1', family: 'IPv6', port: 45323 },
     [Symbol(asyncId)]: 79,
     [Symbol(lastWriteQueueSize)]: 0,
     [Symbol(timeout)]:
      Timeout {
        _called: false,
        _idleTimeout: 120000,
        _idlePrev: [TimersList],
        _idleNext: [TimersList],
        _idleStart: 6108,
        _onTimeout: [Function: bound ],
        _timerArgs: undefined,
        _repeat: null,
        _destroyed: false,
        [Symbol(unrefed)]: true,
        [Symbol(asyncId)]: 80,
        [Symbol(triggerId)]: 79 },
     [Symbol(kBytesRead)]: 0,
     [Symbol(kBytesWritten)]: 0 },
  httpVersionMajor: 1,
  httpVersionMinor: 1,
  httpVersion: '1.1',
  complete: false,
  headers:
   { 'x-forwarded-host': 'localhost:3000',
     'x-forwarded-proto': 'http',
     'x-forwarded-port': '3000',
     'x-forwarded-for': '127.0.0.1',
     connection: 'close',
     cookie: '_ga=GA1.1.1136631038.1524972500',
     'content-type':
      'multipart/form-data; boundary=---------------------------2365563921206483561135354705',
     'content-length': '43333',
     referer: 'http://localhost:3000/edit-profile',
     'accept-encoding': 'gzip, deflate',
     'accept-language': 'en-US,en;q=0.5',
     accept: 'application/json, text/plain, */*',
     'user-agent':
      'Mozilla/5.0 (X11; Linux x86_64; rv:60.0) Gecko/20100101 Firefox/60.0',
     host: 'localhost:8080' },
  rawHeaders:
   [ 'x-forwarded-host',
     'localhost:3000',
     'x-forwarded-proto',
     'http',
     'x-forwarded-port',
     '3000',
     'x-forwarded-for',
     '127.0.0.1',
     'connection',
     'close',
     'cookie',
     '_ga=GA1.1.1136631038.1524972500',
     'content-type',
     'multipart/form-data; boundary=---------------------------2365563921206483561135354705',
     'content-length',
     '43333',
     'referer',
     'http://localhost:3000/edit-profile',
     'accept-encoding',
     'gzip, deflate',
     'accept-language',
     'en-US,en;q=0.5',
     'accept',
     'application/json, text/plain, */*',
     'user-agent',
     'Mozilla/5.0 (X11; Linux x86_64; rv:60.0) Gecko/20100101 Firefox/60.0',
     'host',
     'localhost:8080' ],
  trailers: {},
  rawTrailers: [],
  aborted: false,
  upgrade: false,
  url: '/upload',
  method: 'POST',
  statusCode: null,
  statusMessage: null,
  client:
   Socket {
     connecting: false,
     _hadError: false,
     _handle:
      TCP {
        reading: true,
        owner: [Circular],
        onread: [Function: onread],
        onconnection: null,
        _consumed: true },
     _parent: null,
     _host: null,
     _readableState:
      ReadableState {
        objectMode: false,
        highWaterMark: 16384,
        buffer: BufferList { length: 0 },
        length: 0,
        pipes: null,
        pipesCount: 0,
        flowing: true,
        ended: false,
        endEmitted: false,
        reading: true,
        sync: false,
        needReadable: true,
        emittedReadable: false,
        readableListening: false,
        resumeScheduled: false,
        emitClose: false,
        destroyed: false,
        defaultEncoding: 'utf8',
        awaitDrain: 0,
        readingMore: false,
        decoder: null,
        encoding: null },
     readable: true,
     _events:
      { end: [Array],
        drain: [Array],
        timeout: [Function: socketOnTimeout],
        data: [Function: bound socketOnData],
        error: [Array],
        close: [Array],
        resume: [Function: onSocketResume],
        pause: [Function: onSocketPause] },
     _eventsCount: 8,
     _maxListeners: undefined,
     _writableState:
      WritableState {
        objectMode: false,
        highWaterMark: 16384,
        finalCalled: false,
        needDrain: false,
        ending: false,
        ended: false,
        finished: false,
        destroyed: false,
        decodeStrings: false,
        defaultEncoding: 'utf8',
        length: 0,
        writing: false,
        corked: 0,
        sync: true,
        bufferProcessing: false,
        onwrite: [Function: bound onwrite],
        writecb: null,
        writelen: 0,
        bufferedRequest: null,
        lastBufferedRequest: null,
        pendingcb: 0,
        prefinished: false,
        errorEmitted: false,
        emitClose: false,
        bufferedRequestCount: 0,
        corkedRequestsFree: [Object] },
     writable: true,
     allowHalfOpen: true,
     _sockname: null,
     _pendingData: null,
     _pendingEncoding: '',
     server:
      Server {
        _events: [Object],
        _eventsCount: 4,
        _maxListeners: undefined,
        _connections: 1,
        _handle: [TCP],
        _usingWorkers: false,
        _workers: [],
        _unref: false,
        allowHalfOpen: true,
        pauseOnConnect: false,
        httpAllowHalfOpen: false,
        timeout: 120000,
        keepAliveTimeout: 5000,
        _pendingResponseData: 0,
        maxHeadersCount: null,
        _connectionKey: '6::::8080',
        [Symbol(IncomingMessage)]: [Function],
        [Symbol(ServerResponse)]: [Function],
        [Symbol(asyncId)]: 14 },
     _server:
      Server {
        _events: [Object],
        _eventsCount: 4,
        _maxListeners: undefined,
        _connections: 1,
        _handle: [TCP],
        _usingWorkers: false,
        _workers: [],
        _unref: false,
        allowHalfOpen: true,
        pauseOnConnect: false,
        httpAllowHalfOpen: false,
        timeout: 120000,
        keepAliveTimeout: 5000,
        _pendingResponseData: 0,
        maxHeadersCount: null,
        _connectionKey: '6::::8080',
        [Symbol(IncomingMessage)]: [Function],
        [Symbol(ServerResponse)]: [Function],
        [Symbol(asyncId)]: 14 },
     parser:
      HTTPParser {
        '0': [Function: parserOnHeaders],
        '1': [Function: parserOnHeadersComplete],
        '2': [Function: parserOnBody],
        '3': [Function: parserOnMessageComplete],
        '4': [Function: bound onParserExecute],
        _headers: [],
        _url: '',
        _consumed: true,
        socket: [Circular],
        incoming: [Circular],
        outgoing: null,
        maxHeaderPairs: 2000,
        onIncoming: [Function: bound parserOnIncoming] },
     on: [Function: socketOnWrap],
     _paused: false,
     _httpMessage:
      ServerResponse {
        _events: [Object],
        _eventsCount: 2,
        _maxListeners: undefined,
        output: [],
        outputEncodings: [],
        outputCallbacks: [],
        outputSize: 0,
        writable: true,
        _last: false,
        chunkedEncoding: false,
        shouldKeepAlive: false,
        useChunkedEncodingByDefault: true,
        sendDate: true,
        _removedConnection: false,
        _removedContLen: false,
        _removedTE: false,
        _contentLength: null,
        _hasBody: true,
        _trailer: '',
        finished: false,
        _headerSent: false,
        socket: [Circular],
        connection: [Circular],
        _header: null,
        _onPendingData: [Function: bound updateOutgoingData],
        _sent100: false,
        _expect_continue: false,
        req: [Circular],
        locals: {},
        _startAt: undefined,
        _startTime: undefined,
        writeHead: [Function: writeHead],
        __onFinished: [Function],
        [Symbol(isCorked)]: false,
        [Symbol(outHeadersKey)]: [Object] },
     _peername: { address: '::ffff:127.0.0.1', family: 'IPv6', port: 45323 },
     [Symbol(asyncId)]: 79,
     [Symbol(lastWriteQueueSize)]: 0,
     [Symbol(timeout)]:
      Timeout {
        _called: false,
        _idleTimeout: 120000,
        _idlePrev: [TimersList],
        _idleNext: [TimersList],
        _idleStart: 6108,
        _onTimeout: [Function: bound ],
        _timerArgs: undefined,
        _repeat: null,
        _destroyed: false,
        [Symbol(unrefed)]: true,
        [Symbol(asyncId)]: 80,
        [Symbol(triggerId)]: 79 },
     [Symbol(kBytesRead)]: 0,
     [Symbol(kBytesWritten)]: 0 },
  _consuming: false,
  _dumped: false,
  next: [Function: next],
  baseUrl: '/api/v1/user',
  originalUrl: '/api/v1/user/upload',
  _parsedUrl:
   Url {
     protocol: null,
     slashes: null,
     auth: null,
     host: null,
     port: null,
     hostname: null,
     hash: null,
     search: null,
     query: null,
     pathname: '/upload',
     path: '/upload',
     href: '/upload',
     _raw: '/upload' },
  params: {},
  query: {},
  res:
   ServerResponse {
     _events: { finish: [Array], end: [Function: onevent] },
     _eventsCount: 2,
     _maxListeners: undefined,
     output: [],
     outputEncodings: [],
     outputCallbacks: [],
     outputSize: 0,
     writable: true,
     _last: false,
     chunkedEncoding: false,
     shouldKeepAlive: false,
     useChunkedEncodingByDefault: true,
     sendDate: true,
     _removedConnection: false,
     _removedContLen: false,
     _removedTE: false,
     _contentLength: null,
     _hasBody: true,
     _trailer: '',
     finished: false,
     _headerSent: false,
     socket:
      Socket {
        connecting: false,
        _hadError: false,
        _handle: [TCP],
        _parent: null,
        _host: null,
        _readableState: [ReadableState],
        readable: true,
        _events: [Object],
        _eventsCount: 8,
        _maxListeners: undefined,
        _writableState: [WritableState],
        writable: true,
        allowHalfOpen: true,
        _sockname: null,
        _pendingData: null,
        _pendingEncoding: '',
        server: [Server],
        _server: [Server],
        parser: [HTTPParser],
        on: [Function: socketOnWrap],
        _paused: false,
        _httpMessage: [Circular],
        _peername: [Object],
        [Symbol(asyncId)]: 79,
        [Symbol(lastWriteQueueSize)]: 0,
        [Symbol(timeout)]: [Timeout],
        [Symbol(kBytesRead)]: 0,
        [Symbol(kBytesWritten)]: 0 },
     connection:
      Socket {
        connecting: false,
        _hadError: false,
        _handle: [TCP],
        _parent: null,
        _host: null,
        _readableState: [ReadableState],
        readable: true,
        _events: [Object],
        _eventsCount: 8,
        _maxListeners: undefined,
        _writableState: [WritableState],
        writable: true,
        allowHalfOpen: true,
        _sockname: null,
        _pendingData: null,
        _pendingEncoding: '',
        server: [Server],
        _server: [Server],
        parser: [HTTPParser],
        on: [Function: socketOnWrap],
        _paused: false,
        _httpMessage: [Circular],
        _peername: [Object],
        [Symbol(asyncId)]: 79,
        [Symbol(lastWriteQueueSize)]: 0,
        [Symbol(timeout)]: [Timeout],
        [Symbol(kBytesRead)]: 0,
        [Symbol(kBytesWritten)]: 0 },
     _header: null,
     _onPendingData: [Function: bound updateOutgoingData],
     _sent100: false,
     _expect_continue: false,
     req: [Circular],
     locals: {},
     _startAt: undefined,
     _startTime: undefined,
     writeHead: [Function: writeHead],
     __onFinished: { [Function: listener] queue: [Array] },
     [Symbol(isCorked)]: false,
     [Symbol(outHeadersKey)]: { 'x-powered-by': [Array] } },
  _startAt: [ 9866, 578348162 ],
  _startTime: 2018-09-03T21:49:02.273Z,
  _remoteAddress: '::ffff:127.0.0.1',
  body: {},
  secret: undefined,
  cookies: { _ga: 'GA1.1.1136631038.1524972500' },
  signedCookies: {},
  route:
   Route { path: '/upload', stack: [ [Layer] ], methods: { post: true } } }
1
{ fieldname: 'file',
  originalname: 'eventPageOrganizer.jpg',
  encoding: '7bit',
  mimetype: 'image/jpeg' }
ok
[0mPOST /api/v1/user/upload [32m200 [0m25.606 ms - -[0m
